<?xml version="1.0" encoding="UTF-8"?>
<!-- Generated by org.testng.reporters.JUnitXMLReporter -->
<testsuite hostname="LAPTOP-05P9D6CE" ignored="1" name="RegressionTest" tests="2" failures="1" timestamp="2021-06-25T10:47:31 IST" time="78.52" errors="0">
  <testcase name="notificationFailTest" time="12.155" classname="com.wired.get.regression.AndroidTest">
    <failure type="java.lang.AssertionError" message="
 :Test Verification Name: verify notifications message ;
 :FAIL: Desired Element Text Not Displayed ;
 :expected: TestFail - You will not receive alerts from Wired. ;
:screenshot: D:\Task\target\reports\TestRunID_20210625104612\screenshots\NFT005_20210625104701.png
">
      <![CDATA[java.lang.AssertionError: 
 :Test Verification Name: verify notifications message ;
 :FAIL: Desired Element Text Not Displayed ;
 :expected: TestFail - You will not receive alerts from Wired. ;
:screenshot: D:\Task\target\reports\TestRunID_20210625104612\screenshots\NFT005_20210625104701.png

at com.wired.get.regression.AndroidTest.notificationFailTest(AndroidTest.java:148)
at java.util.ArrayList.forEach(ArrayList.java:1257)
... Removed 32 stack frames]]>
    </failure>
  </testcase> <!-- notificationFailTest -->
  <testcase name="notificationPassTest" time="12.095" classname="com.wired.get.regression.AndroidTest"/>
  <testcase name="privacyPolicyTest" time="0.0" classname="com.wired.get.regression.AndroidTest">
    <ignored/>
  </testcase> <!-- privacyPolicyTest -->
</testsuite> <!-- RegressionTest -->
