<!DOCTYPE html PUBLIC "-//W3C//DTD XHTML 1.1//EN" "http://www.w3.org/TR/xhtml11/DTD/xhtml11.dtd">
<html xmlns="http://www.w3.org/1999/xhtml">
<head>
<title>TestNG Report</title>
<style type="text/css">
table {margin-bottom:10px;border-collapse:collapse;empty-cells:show}
td,th {border:1px solid #009;padding:.25em .5em}
.result th {vertical-align:bottom}
.param th {padding-left:1em;padding-right:1em}
.param td {padding-left:.5em;padding-right:2em}
.stripe td,.stripe th {background-color: #E6EBF9}
.numi,.numi_attn {text-align:right}
.total td {font-weight:bold}
.passedodd td {background-color: #0A0}
.passedeven td {background-color: #3F3}
.skippedodd td {background-color: #CCC}
.skippedodd td {background-color: #DDD}
.failedodd td,.numi_attn {background-color: #F33}
.failedeven td,.stripe .numi_attn {background-color: #D00}
.stacktrace {white-space:pre;font-family:monospace}
.totop {font-size:85%;text-align:center;border-bottom:2px solid #000}
</style>
</head>
<body>
<center><h1>TestNG Customized Report - 2021/06/25 10:47:32</h1></center><table cellspacing="0" cellpadding="0" class="testOverview">
<tr><th>Test</th><th>Methods<br/>Passed</th><th># skipped</th><th># failed</th><th>Platform</th><th>Start<br/>Time</th><th>End<br/>Time</th><th>Total<br/>Time(hh:mm:ss)</th><th>Included<br/>Groups</th><th>Excluded<br/>Groups</th></tr>
<tr><th colspan="10">Regression</th></tr>
<tr><td style="text-align:left;padding-right:2em"><a href="#t1"><b>RegressionTest</b></a></td><td class="numi">1</td><td class="numi">0</td><td class="numi_attn">1</td><td class="numi">Android</td></td>
<td class="numi">10:46:12</td></td>
<td class="numi">10:47:31</td></td>
<td class="numi">00:01:18</td><td class="numi"></td><td class="numi"></td></tr>
</table>
<table cellspacing="0" cellpadding="0" class="methodOverview" id="summary">
<tr><th>Class</th><th>Method</th><th>Exception Info</th><th>Start Time </th><th>Execution Time<br/>(hh:mm:ss)</th></tr>
<tr><th colspan="5">Regression</th></tr>
<tr id="t1"><th colspan="5">RegressionTest &#8212; failed</th></tr>
<tr class="failedodd"><td>com.wired.get.regression.AndroidTest</td><td><a href="#m1"><b>notificationFailTest</b>  </a></td><td class="numi" style="text-align:left;padding-right:2em">java.lang.AssertionError: <br/></td><td style="text-align:right">10:46:50</td><td class="numi">00:00:12</td></tr>
<tr><th colspan="5">RegressionTest &#8212; passed</th></tr>
<tr class="passedodd"><td>com.wired.get.regression.AndroidTest</td><td><a href="#m2"><b>notificationPassTest</b>  </a></td><td class="numi" style="text-align:left;padding-right:2em"><br/></td><td style="text-align:right">10:47:18</td><td class="numi">00:00:12</td></tr>
</table>
<h1>RegressionTest</h1>
<h2 id="m1">com.wired.get.regression.AndroidTest:notificationFailTest</h2>
<div>
<h3>Test Messages</h3>
Test Case Name - AQA TC002 - Notification Fail Test<br/>
Test Verification: verify that the application is launched is PASS
<br/>
Test Verification: verify that Notifications switch is on is PASS
<br/>
Test Verification: verify notifications message is PASS
<br/>
Test Verification: verify that Notifications switch is off is PASS
<br/>
Test Verification: verify notifications message is FAIL
<br/>
<a href="D:/Task/target/reports/TestRunID_20210625104612/screenshots/NFT005_20210625104701.png"><p align="left">Error screenshot at Fri Jun 25 10:47:01 IST 2021</p><br/>
<p><img width="1024" src="D:\Task\target\reports\TestRunID_20210625104612\screenshots\NFT005_20210625104701.png" alt="screenshot at Fri Jun 25 10:47:01 IST 2021"/></p></a><br /><br/>
<h3>Failure</h3>
<div class="stacktrace">java.lang.AssertionError: 
 :Test Verification Name: verify notifications message ;
 :FAIL: Desired Element Text Not Displayed ;
 :expected: TestFail - You will not receive alerts from Wired. ;
:screenshot: D:\Task\target\reports\TestRunID_20210625104612\screenshots\NFT005_20210625104701.png

	at org.testng.Assert.fail(Assert.java:99)
	at com.wired.get.regression.AndroidTest.notificationFailTest(AndroidTest.java:148)
	at sun.reflect.NativeMethodAccessorImpl.invoke0(Native Method)
	at sun.reflect.NativeMethodAccessorImpl.invoke(NativeMethodAccessorImpl.java:62)
	at sun.reflect.DelegatingMethodAccessorImpl.invoke(DelegatingMethodAccessorImpl.java:43)
	at java.lang.reflect.Method.invoke(Method.java:498)
	at org.testng.internal.MethodInvocationHelper.invokeMethod(MethodInvocationHelper.java:133)
	at org.testng.internal.TestInvoker.invokeMethod(TestInvoker.java:598)
	at org.testng.internal.TestInvoker.invokeTestMethod(TestInvoker.java:173)
	at org.testng.internal.MethodRunner.runInSequence(MethodRunner.java:46)
	at org.testng.internal.TestInvoker$MethodInvocationAgent.invoke(TestInvoker.java:824)
	at org.testng.internal.TestInvoker.invokeTestMethods(TestInvoker.java:146)
	at org.testng.internal.TestMethodWorker.invokeTestMethods(TestMethodWorker.java:146)
	at org.testng.internal.TestMethodWorker.run(TestMethodWorker.java:128)
	at java.util.ArrayList.forEach(ArrayList.java:1257)
	at org.testng.TestRunner.privateRun(TestRunner.java:794)
	at org.testng.TestRunner.run(TestRunner.java:596)
	at org.testng.SuiteRunner.runTest(SuiteRunner.java:377)
	at org.testng.SuiteRunner.runSequentially(SuiteRunner.java:371)
	at org.testng.SuiteRunner.privateRun(SuiteRunner.java:332)
	at org.testng.SuiteRunner.run(SuiteRunner.java:276)
	at org.testng.SuiteRunnerWorker.runSuite(SuiteRunnerWorker.java:53)
	at org.testng.SuiteRunnerWorker.run(SuiteRunnerWorker.java:96)
	at org.testng.TestNG.runSuitesSequentially(TestNG.java:1212)
	at org.testng.TestNG.runSuitesLocally(TestNG.java:1134)
	at org.testng.TestNG.runSuites(TestNG.java:1063)
	at org.testng.TestNG.run(TestNG.java:1031)
	at org.apache.maven.surefire.testng.TestNGExecutor.run(TestNGExecutor.java:283)
	at org.apache.maven.surefire.testng.TestNGXmlTestSuite.execute(TestNGXmlTestSuite.java:75)
	at org.apache.maven.surefire.testng.TestNGProvider.invoke(TestNGProvider.java:120)
	at org.apache.maven.surefire.booter.ForkedBooter.invokeProviderInSameClassLoader(ForkedBooter.java:384)
	at org.apache.maven.surefire.booter.ForkedBooter.runSuitesInProcess(ForkedBooter.java:345)
	at org.apache.maven.surefire.booter.ForkedBooter.execute(ForkedBooter.java:126)
	at org.apache.maven.surefire.booter.ForkedBooter.main(ForkedBooter.java:418)
</div>
</div>
<p class="totop"><a href="#summary">back to summary</a></p>
<h2 id="m2">com.wired.get.regression.AndroidTest:notificationPassTest</h2>
<div>
Test Case Name - AQA TC001 - Notification Pass Test<br/>
Test Verification: verify that the application is launched is PASS
<br/>
Test Verification: verify that Notifications switch is on is PASS
<br/>
Test Verification: verify notifications message is PASS
<br/>
Test Verification: verify that Notifications switch is off is PASS
<br/>
Test Verification: verify notifications message is PASS
<br/>
</div>
<p class="totop"><a href="#summary">back to summary</a></p>
<center> TestNG Report </center>
</body></html>
