<?xml version="1.0" encoding="UTF-8"?>
<!-- Generated by org.testng.reporters.JUnitReportReporter -->
<testsuite skipped="1" hostname="LAPTOP-05P9D6CE" name="com.wired.get.regression.AndroidTest" tests="3" failures="1" timestamp="2021-06-25T10:47:32 IST" time="63.316" errors="0">
  <testcase name="notificationFailTest" time="35.392" classname="com.wired.get.regression.AndroidTest">
    <failure type="java.lang.AssertionError" message="
 :Test Verification Name: verify notifications message ;
 :FAIL: Desired Element Text Not Displayed ;
 :expected: TestFail - You will not receive alerts from Wired. ;
:screenshot: D:\Task\target\reports\TestRunID_20210625104612\screenshots\NFT005_20210625104701.png
">
      <![CDATA[java.lang.AssertionError: 
 :Test Verification Name: verify notifications message ;
 :FAIL: Desired Element Text Not Displayed ;
 :expected: TestFail - You will not receive alerts from Wired. ;
:screenshot: D:\Task\target\reports\TestRunID_20210625104612\screenshots\NFT005_20210625104701.png

at org.testng.Assert.fail(Assert.java:99)
at com.wired.get.regression.AndroidTest.notificationFailTest(AndroidTest.java:148)
at sun.reflect.NativeMethodAccessorImpl.invoke0(Native Method)
at sun.reflect.NativeMethodAccessorImpl.invoke(NativeMethodAccessorImpl.java:62)
at sun.reflect.DelegatingMethodAccessorImpl.invoke(DelegatingMethodAccessorImpl.java:43)
at java.lang.reflect.Method.invoke(Method.java:498)
at org.testng.internal.MethodInvocationHelper.invokeMethod(MethodInvocationHelper.java:133)
at org.testng.internal.TestInvoker.invokeMethod(TestInvoker.java:598)
at org.testng.internal.TestInvoker.invokeTestMethod(TestInvoker.java:173)
at org.testng.internal.MethodRunner.runInSequence(MethodRunner.java:46)
at org.testng.internal.TestInvoker$MethodInvocationAgent.invoke(TestInvoker.java:824)
at org.testng.internal.TestInvoker.invokeTestMethods(TestInvoker.java:146)
at org.testng.internal.TestMethodWorker.invokeTestMethods(TestMethodWorker.java:146)
at org.testng.internal.TestMethodWorker.run(TestMethodWorker.java:128)
at java.util.ArrayList.forEach(ArrayList.java:1257)
at org.testng.TestRunner.privateRun(TestRunner.java:794)
at org.testng.TestRunner.run(TestRunner.java:596)
at org.testng.SuiteRunner.runTest(SuiteRunner.java:377)
at org.testng.SuiteRunner.runSequentially(SuiteRunner.java:371)
at org.testng.SuiteRunner.privateRun(SuiteRunner.java:332)
at org.testng.SuiteRunner.run(SuiteRunner.java:276)
at org.testng.SuiteRunnerWorker.runSuite(SuiteRunnerWorker.java:53)
at org.testng.SuiteRunnerWorker.run(SuiteRunnerWorker.java:96)
at org.testng.TestNG.runSuitesSequentially(TestNG.java:1212)
at org.testng.TestNG.runSuitesLocally(TestNG.java:1134)
at org.testng.TestNG.runSuites(TestNG.java:1063)
at org.testng.TestNG.run(TestNG.java:1031)
at org.apache.maven.surefire.testng.TestNGExecutor.run(TestNGExecutor.java:283)
at org.apache.maven.surefire.testng.TestNGXmlTestSuite.execute(TestNGXmlTestSuite.java:75)
at org.apache.maven.surefire.testng.TestNGProvider.invoke(TestNGProvider.java:120)
at org.apache.maven.surefire.booter.ForkedBooter.invokeProviderInSameClassLoader(ForkedBooter.java:384)
at org.apache.maven.surefire.booter.ForkedBooter.runSuitesInProcess(ForkedBooter.java:345)
at org.apache.maven.surefire.booter.ForkedBooter.execute(ForkedBooter.java:126)
at org.apache.maven.surefire.booter.ForkedBooter.main(ForkedBooter.java:418)
]]>
    </failure>
  </testcase> <!-- notificationFailTest -->
  <system-out>
    <![CDATA[Test Case Name - AQA TC002 - Notification Fail Test
Test Verification: verify that the application is launched is PASS

Test Verification: verify that Notifications switch is on is PASS

Test Verification: verify notifications message is PASS

Test Verification: verify that Notifications switch is off is PASS

Test Verification: verify notifications message is FAIL

<a href="D:/Task/target/reports/TestRunID_20210625104612/screenshots/NFT005_20210625104701.png"><p align="left">Error screenshot at Fri Jun 25 10:47:01 IST 2021</p>
<p><img width="1024" src="D:\Task\target\reports\TestRunID_20210625104612\screenshots\NFT005_20210625104701.png" alt="screenshot at Fri Jun 25 10:47:01 IST 2021"/></p></a><br />]]>
  </system-out>
  <testcase name="notificationPassTest" time="27.924" classname="com.wired.get.regression.AndroidTest"/>
  <system-out>
    <![CDATA[Test Case Name - AQA TC001 - Notification Pass Test
Test Verification: verify that the application is launched is PASS

Test Verification: verify that Notifications switch is on is PASS

Test Verification: verify notifications message is PASS

Test Verification: verify that Notifications switch is off is PASS

Test Verification: verify notifications message is PASS
]]>
  </system-out>
  <testcase name="privacyPolicyTest" classname="com.wired.get.regression.AndroidTest">
    <skipped/>
  </testcase> <!-- privacyPolicyTest -->
  <system-out/>
</testsuite> <!-- com.wired.get.regression.AndroidTest -->
